  Application.cpp
C:\Users\iandi\Documents\GitHub\Studio-Project-3\Physics\Source\Entity.h(2,10): warning C4067: unexpected tokens following preprocessor directive - expected a newline
  Camera.cpp
  Enemy.cpp
C:\Users\iandi\Documents\GitHub\Studio-Project-3\Physics\Source\Entity.h(2,10): warning C4067: unexpected tokens following preprocessor directive - expected a newline
  Entity.cpp
C:\Users\iandi\Documents\GitHub\Studio-Project-3\Physics\Source\Entity.h(2,10): warning C4067: unexpected tokens following preprocessor directive - expected a newline
  GameObject.cpp
  LoadOBJ.cpp
  LoadTexture.cpp
  LoadTGA.cpp
  main.cpp
  Mesh.cpp
  MeshBuilder.cpp
  Player.cpp
C:\Users\iandi\Documents\GitHub\Studio-Project-3\Physics\Source\Entity.h(2,10): warning C4067: unexpected tokens following preprocessor directive - expected a newline
  Projectile.cpp
C:\Users\iandi\Documents\GitHub\Studio-Project-3\Physics\Source\Entity.h(2,10): warning C4067: unexpected tokens following preprocessor directive - expected a newline
  SceneBase.cpp
  SceneCollision.cpp
C:\Users\iandi\Documents\GitHub\Studio-Project-3\Physics\Source\Entity.h(2,10): warning C4067: unexpected tokens following preprocessor directive - expected a newline
C:\Users\iandi\Documents\GitHub\Studio-Project-3\Physics\Source\SceneCollision.cpp(216,56): warning C4244: 'argument': conversion from 'double' to 'float', possible loss of data
C:\Users\iandi\Documents\GitHub\Studio-Project-3\Physics\Source\SceneCollision.cpp(228,72): warning C4244: 'argument': conversion from 'double' to 'float', possible loss of data
C:\Users\iandi\Documents\GitHub\Studio-Project-3\Physics\Source\SceneCollision.cpp(228,21): warning C4244: 'argument': conversion from 'double' to 'float', possible loss of data
C:\Users\iandi\Documents\GitHub\Studio-Project-3\Physics\Source\SceneCollision.cpp(259,25): warning C4244: 'argument': conversion from 'double' to 'float', possible loss of data
C:\Users\iandi\Documents\GitHub\Studio-Project-3\Physics\Source\SceneCollision.cpp(278,22): warning C4018: '<': signed/unsigned mismatch
C:\Users\iandi\Documents\GitHub\Studio-Project-3\Physics\Source\SceneCollision.cpp(300,24): warning C4305: 'argument': truncation from 'double' to 'float'
C:\Users\iandi\Documents\GitHub\Studio-Project-3\Physics\Source\SceneCollision.cpp(393,25): warning C4244: 'argument': conversion from 'double' to 'float', possible loss of data
C:\Users\iandi\Documents\GitHub\Studio-Project-3\Physics\Source\SceneCollision.cpp(399,25): warning C4244: 'argument': conversion from 'double' to 'float', possible loss of data
  SceneMenu.cpp
C:\Users\iandi\Documents\GitHub\Studio-Project-3\Physics\Source\SceneMenu.cpp(115,76): warning C4244: 'argument': conversion from 'unsigned int' to 'float', possible loss of data
  SceneShop.cpp
C:\Users\iandi\Documents\GitHub\Studio-Project-3\Physics\Source\Entity.h(2,10): warning C4067: unexpected tokens following preprocessor directive - expected a newline
C:\Users\iandi\Documents\GitHub\Studio-Project-3\Physics\Source\SceneShop.cpp(127,56): warning C4244: 'argument': conversion from 'double' to 'float', possible loss of data
  shader.cpp
  Skill.cpp
  SoundController.cpp
C:\Users\iandi\Documents\GitHub\Studio-Project-3\Physics\Source\SoundController.cpp(176,31): warning C4244: 'argument': conversion from 'double' to 'irrklang::ik_f32', possible loss of data
C:\Users\iandi\Documents\GitHub\Studio-Project-3\Physics\Source\SoundController.cpp(190,16): warning C4244: '=': conversion from 'double' to 'float', possible loss of data
C:\Users\iandi\Documents\GitHub\Studio-Project-3\Physics\Source\SoundController.cpp(204,14): warning C4244: '=': conversion from 'double' to 'float', possible loss of data
C:\Users\iandi\Documents\GitHub\Studio-Project-3\Physics\Source\SoundController.cpp(318,29): warning C4018: '<=': signed/unsigned mismatch
C:\Users\iandi\Documents\GitHub\Studio-Project-3\Physics\Source\SoundController.cpp(326,43): warning C4244: 'argument': conversion from 'double' to 'float', possible loss of data
C:\Users\iandi\Documents\GitHub\Studio-Project-3\Physics\Source\SoundController.cpp(329,43): warning C4244: 'argument': conversion from 'double' to 'float', possible loss of data
  Generating Code...
C:\Users\iandi\Documents\GitHub\Studio-Project-3\Physics\Source\SceneCollision.cpp(370): warning C4715: 'SceneCollision::CheckCollision': not all control paths return a value
  Compiling...
  SoundInfo.cpp
  SpriteAnimation.cpp
  Utility.cpp
  Generating Code...
LINK : warning LNK4098: defaultlib 'MSVCRT' conflicts with use of other libs; use /NODEFAULTLIB:library
  Physics.vcxproj -> C:\Users\iandi\Documents\GitHub\Studio-Project-3\Debug\Physics.exe
