d:\visual studio\c++ projects\sp3\studio-project-3\physics\debug\vc142.pdb
d:\visual studio\c++ projects\sp3\studio-project-3\physics\debug\vc142.idb
d:\visual studio\c++ projects\sp3\studio-project-3\physics\debug\soundcontroller.obj
d:\visual studio\c++ projects\sp3\studio-project-3\physics\debug\skill.obj
d:\visual studio\c++ projects\sp3\studio-project-3\physics\debug\shader.obj
d:\visual studio\c++ projects\sp3\studio-project-3\physics\debug\sceneshop.obj
d:\visual studio\c++ projects\sp3\studio-project-3\physics\debug\scenemenu.obj
d:\visual studio\c++ projects\sp3\studio-project-3\physics\debug\scenecollision.obj
d:\visual studio\c++ projects\sp3\studio-project-3\physics\debug\scenebase.obj
d:\visual studio\c++ projects\sp3\studio-project-3\physics\debug\projectile.obj
d:\visual studio\c++ projects\sp3\studio-project-3\physics\debug\player.obj
d:\visual studio\c++ projects\sp3\studio-project-3\physics\debug\meshbuilder.obj
d:\visual studio\c++ projects\sp3\studio-project-3\physics\debug\mesh.obj
d:\visual studio\c++ projects\sp3\studio-project-3\physics\debug\main.obj
d:\visual studio\c++ projects\sp3\studio-project-3\physics\debug\loadtga.obj
d:\visual studio\c++ projects\sp3\studio-project-3\physics\debug\loadtexture.obj
d:\visual studio\c++ projects\sp3\studio-project-3\physics\debug\loadobj.obj
d:\visual studio\c++ projects\sp3\studio-project-3\physics\debug\gameobject.obj
d:\visual studio\c++ projects\sp3\studio-project-3\physics\debug\entity.obj
d:\visual studio\c++ projects\sp3\studio-project-3\physics\debug\enemy.obj
d:\visual studio\c++ projects\sp3\studio-project-3\physics\debug\camera.obj
d:\visual studio\c++ projects\sp3\studio-project-3\physics\debug\application.obj
d:\visual studio\c++ projects\sp3\studio-project-3\physics\debug\utility.obj
d:\visual studio\c++ projects\sp3\studio-project-3\physics\debug\spriteanimation.obj
d:\visual studio\c++ projects\sp3\studio-project-3\physics\debug\soundinfo.obj
d:\visual studio\c++ projects\sp3\studio-project-3\physics\debug\weapon.obj
d:\visual studio\c++ projects\sp3\studio-project-3\debug\physics.exe
d:\visual studio\c++ projects\sp3\studio-project-3\physics\debug\physics.ilk
d:\visual studio\c++ projects\sp3\studio-project-3\debug\physics.pdb
d:\visual studio\c++ projects\sp3\studio-project-3\physics\debug\physics.tlog\cl.command.1.tlog
d:\visual studio\c++ projects\sp3\studio-project-3\physics\debug\physics.tlog\cl.read.1.tlog
d:\visual studio\c++ projects\sp3\studio-project-3\physics\debug\physics.tlog\cl.write.1.tlog
d:\visual studio\c++ projects\sp3\studio-project-3\physics\debug\physics.tlog\link.command.1.tlog
d:\visual studio\c++ projects\sp3\studio-project-3\physics\debug\physics.tlog\link.read.1.tlog
d:\visual studio\c++ projects\sp3\studio-project-3\physics\debug\physics.tlog\link.write.1.tlog
