c:\users\khorm\source\repos\dm2212_physics2\debug\common.pdb
c:\users\khorm\source\repos\dm2212_physics2\debug\common.idb
c:\users\khorm\source\repos\dm2212_physics2\common\debug\vector3.obj
c:\users\khorm\source\repos\dm2212_physics2\common\debug\timer.obj
c:\users\khorm\source\repos\dm2212_physics2\common\debug\mtx44.obj
c:\users\khorm\source\repos\dm2212_physics2\common\debug\matrixstack.obj
c:\users\khorm\source\repos\dm2212_physics2 - copy\debug\common.pdb
c:\users\khorm\source\repos\dm2212_physics2 - copy\debug\common.idb
c:\users\khorm\source\repos\dm2212_physics2 - copy\common\debug\vector3.obj
c:\users\khorm\source\repos\dm2212_physics2 - copy\common\debug\timer.obj
c:\users\khorm\source\repos\dm2212_physics2 - copy\common\debug\mtx44.obj
c:\users\khorm\source\repos\dm2212_physics2 - copy\common\debug\matrixstack.obj
c:\users\khorm\source\repos\dm2212_physics2\debug\common.lib
c:\users\khorm\source\repos\dm2212_physics2 - copy\debug\common.lib
c:\users\khorm\source\repos\dm2212_physics2 - copy\common\debug\common.tlog\cl.command.1.tlog
c:\users\khorm\source\repos\dm2212_physics2 - copy\common\debug\common.tlog\cl.read.1.tlog
c:\users\khorm\source\repos\dm2212_physics2 - copy\common\debug\common.tlog\cl.write.1.tlog
c:\users\khorm\source\repos\dm2212_physics2 - copy\common\debug\common.tlog\lib-link.read.1.tlog
c:\users\khorm\source\repos\dm2212_physics2 - copy\common\debug\common.tlog\lib-link.write.1.tlog
c:\users\khorm\source\repos\dm2212_physics2 - copy\common\debug\common.tlog\lib.command.1.tlog
